2025-09-22 21:07:35,562 - INFO - ✅ BaoStock连接成功
2025-09-22 21:07:35,564 - WARNING - ⚠️ 配置文件 config.json 不存在，使用默认配置
2025-09-22 21:07:35,564 - INFO - ✅ 配置文件已保存: config.json
2025-09-22 21:07:35,564 - INFO - 增强版股票分析器初始化完成
2025-09-22 21:07:35,564 - INFO - === 增强版系统配置状态 ===
2025-09-22 21:07:35,565 - WARNING - ⚠️ 未配置任何AI API密钥
2025-09-22 21:07:35,565 - INFO - 📊 财务指标数量: 25
2025-09-22 21:07:35,565 - INFO - 📰 最大新闻数量: 200
2025-09-22 21:07:35,565 - INFO - ===================================
2025-09-22 21:50:25,425 - INFO - ✅ BaoStock连接成功
2025-09-22 21:50:25,427 - INFO - ✅ 成功加载配置文件: /Users/charlieyang/stock/stock-scanner/2.0 win app/config.json
2025-09-22 21:50:25,427 - INFO - 增强版股票分析器初始化完成
2025-09-22 21:50:25,427 - INFO - === 增强版系统配置状态 ===
2025-09-22 21:50:25,427 - WARNING - ⚠️ 未配置任何AI API密钥
2025-09-22 21:50:25,427 - INFO - 📊 财务指标数量: 25
2025-09-22 21:50:25,427 - INFO - 📰 最大新闻数量: 200
2025-09-22 21:50:25,427 - INFO - ===================================
2025-09-22 21:50:32,795 - INFO - ✅ BaoStock连接成功
2025-09-22 21:50:32,795 - INFO - ✅ 成功加载配置文件: /Users/charlieyang/stock/stock-scanner/2.0 win app/config.json
2025-09-22 21:50:32,796 - INFO - 增强版股票分析器初始化完成
2025-09-22 21:50:32,796 - INFO - === 增强版系统配置状态 ===
2025-09-22 21:50:32,796 - WARNING - ⚠️ 未配置任何AI API密钥
2025-09-22 21:50:32,796 - INFO - 📊 财务指标数量: 25
2025-09-22 21:50:32,796 - INFO - 📰 最大新闻数量: 200
2025-09-22 21:50:32,796 - INFO - ===================================
2025-09-22 21:50:43,820 - INFO - ✓ 估值快照已写入本地缓存
2025-09-22 21:50:54,982 - INFO - ✓ 估值快照已写入本地缓存
2025-09-22 21:58:59,821 - INFO - ✅ BaoStock连接成功
2025-09-22 21:58:59,822 - INFO - ✅ 成功加载配置文件: /Users/charlieyang/stock/stock-scanner/2.0 win app/config.json
2025-09-22 21:58:59,822 - INFO - 增强版股票分析器初始化完成
2025-09-22 21:58:59,822 - INFO - === 增强版系统配置状态 ===
2025-09-22 21:58:59,822 - WARNING - ⚠️ 未配置任何AI API密钥
2025-09-22 21:58:59,822 - INFO - 📊 财务指标数量: 25
2025-09-22 21:58:59,822 - INFO - 📰 最大新闻数量: 200
2025-09-22 21:58:59,822 - INFO - ===================================
2025-09-22 21:59:34,054 - INFO - ✓ 估值快照已写入本地缓存
2025-09-22 22:00:08,610 - INFO - 正在从BaoStock获取 2239 的历史数据...
2025-09-22 22:00:08,611 - WARNING - BaoStock价格数据失败，将回退akshare: 股票代码应为9位，请检查。格式示例：sh.600000。
2025-09-22 22:00:08,611 - INFO - 正在从akshare获取 2239 的历史数据...
2025-09-22 22:00:08,876 - ERROR - 获取股票数据失败: akshare未返回数据
2025-09-22 22:00:09,021 - INFO - 正在从BaoStock获取 981 的历史数据...
2025-09-22 22:00:09,022 - WARNING - BaoStock价格数据失败，将回退akshare: 股票代码应为9位，请检查。格式示例：sh.600000。
2025-09-22 22:00:09,022 - INFO - 正在从akshare获取 981 的历史数据...
2025-09-22 22:00:09,162 - ERROR - 获取股票数据失败: akshare未返回数据
2025-09-22 22:00:09,532 - INFO - 正在从BaoStock获取 2249 的历史数据...
2025-09-22 22:00:09,532 - WARNING - BaoStock价格数据失败，将回退akshare: 股票代码应为9位，请检查。格式示例：sh.600000。
2025-09-22 22:00:09,532 - INFO - 正在从akshare获取 2249 的历史数据...
2025-09-22 22:00:09,692 - ERROR - 获取股票数据失败: akshare未返回数据
2025-09-22 22:00:10,073 - INFO - 正在从BaoStock获取 2957 的历史数据...
2025-09-22 22:00:10,073 - WARNING - BaoStock价格数据失败，将回退akshare: 股票代码应为9位，请检查。格式示例：sh.600000。
2025-09-22 22:00:10,073 - INFO - 正在从akshare获取 2957 的历史数据...
2025-09-22 22:00:10,206 - ERROR - 获取股票数据失败: akshare未返回数据
2025-09-22 22:00:10,998 - INFO - 正在从BaoStock获取 2549 的历史数据...
2025-09-22 22:00:10,998 - WARNING - BaoStock价格数据失败，将回退akshare: 股票代码应为9位，请检查。格式示例：sh.600000。
2025-09-22 22:00:10,998 - INFO - 正在从akshare获取 2549 的历史数据...
2025-09-22 22:00:11,143 - ERROR - 获取股票数据失败: akshare未返回数据
2025-09-22 22:00:11,517 - INFO - 正在从BaoStock获取 2006 的历史数据...
2025-09-22 22:00:11,517 - WARNING - BaoStock价格数据失败，将回退akshare: 股票代码应为9位，请检查。格式示例：sh.600000。
2025-09-22 22:00:11,518 - INFO - 正在从akshare获取 2006 的历史数据...
2025-09-22 22:00:11,659 - ERROR - 获取股票数据失败: akshare未返回数据
2025-09-22 22:00:11,821 - INFO - 正在从BaoStock获取 2925 的历史数据...
2025-09-22 22:00:11,822 - WARNING - BaoStock价格数据失败，将回退akshare: 股票代码应为9位，请检查。格式示例：sh.600000。
2025-09-22 22:00:11,822 - INFO - 正在从akshare获取 2925 的历史数据...
2025-09-22 22:00:12,050 - ERROR - 获取股票数据失败: akshare未返回数据
2025-09-22 22:00:12,330 - INFO - 正在从BaoStock获取 2475 的历史数据...
2025-09-22 22:00:12,331 - WARNING - BaoStock价格数据失败，将回退akshare: 股票代码应为9位，请检查。格式示例：sh.600000。
2025-09-22 22:00:12,331 - INFO - 正在从akshare获取 2475 的历史数据...
2025-09-22 22:00:12,539 - ERROR - 获取股票数据失败: akshare未返回数据
2025-09-22 22:00:12,709 - INFO - 正在从BaoStock获取 2045 的历史数据...
2025-09-22 22:00:12,709 - WARNING - BaoStock价格数据失败，将回退akshare: 股票代码应为9位，请检查。格式示例：sh.600000。
2025-09-22 22:00:12,709 - INFO - 正在从akshare获取 2045 的历史数据...
2025-09-22 22:00:12,868 - ERROR - 获取股票数据失败: akshare未返回数据
2025-09-22 22:00:13,629 - INFO - 正在从BaoStock获取 2276 的历史数据...
2025-09-22 22:00:13,629 - WARNING - BaoStock价格数据失败，将回退akshare: 股票代码应为9位，请检查。格式示例：sh.600000。
2025-09-22 22:00:13,629 - INFO - 正在从akshare获取 2276 的历史数据...
2025-09-22 22:00:13,801 - ERROR - 获取股票数据失败: akshare未返回数据
2025-09-22 22:00:13,942 - INFO - 正在从BaoStock获取 1221 的历史数据...
2025-09-22 22:00:13,943 - WARNING - BaoStock价格数据失败，将回退akshare: 股票代码应为9位，请检查。格式示例：sh.600000。
2025-09-22 22:00:13,943 - INFO - 正在从akshare获取 1221 的历史数据...
2025-09-22 22:00:14,185 - ERROR - 获取股票数据失败: akshare未返回数据
2025-09-22 22:00:14,329 - INFO - 正在从BaoStock获取 2980 的历史数据...
2025-09-22 22:00:14,330 - WARNING - BaoStock价格数据失败，将回退akshare: 股票代码应为9位，请检查。格式示例：sh.600000。
2025-09-22 22:00:14,330 - INFO - 正在从akshare获取 2980 的历史数据...
2025-09-22 22:00:14,472 - ERROR - 获取股票数据失败: akshare未返回数据
2025-09-22 22:00:14,702 - INFO - 正在从BaoStock获取 2654 的历史数据...
2025-09-22 22:00:14,702 - WARNING - BaoStock价格数据失败，将回退akshare: 股票代码应为9位，请检查。格式示例：sh.600000。
2025-09-22 22:00:14,702 - INFO - 正在从akshare获取 2654 的历史数据...
2025-09-22 22:00:14,861 - ERROR - 获取股票数据失败: akshare未返回数据
2025-09-22 22:00:15,084 - INFO - 正在从BaoStock获取 2938 的历史数据...
2025-09-22 22:00:15,084 - WARNING - BaoStock价格数据失败，将回退akshare: 股票代码应为9位，请检查。格式示例：sh.600000。
2025-09-22 22:00:15,084 - INFO - 正在从akshare获取 2938 的历史数据...
2025-09-22 22:00:15,233 - ERROR - 获取股票数据失败: akshare未返回数据
2025-09-22 22:00:15,380 - INFO - 正在从BaoStock获取 2402 的历史数据...
2025-09-22 22:00:15,381 - WARNING - BaoStock价格数据失败，将回退akshare: 股票代码应为9位，请检查。格式示例：sh.600000。
2025-09-22 22:00:15,381 - INFO - 正在从akshare获取 2402 的历史数据...
2025-09-22 22:00:15,612 - ERROR - 获取股票数据失败: akshare未返回数据
2025-09-22 22:00:15,765 - INFO - 正在从BaoStock获取 2905 的历史数据...
2025-09-22 22:00:15,765 - WARNING - BaoStock价格数据失败，将回退akshare: 股票代码应为9位，请检查。格式示例：sh.600000。
2025-09-22 22:00:15,765 - INFO - 正在从akshare获取 2905 的历史数据...
2025-09-22 22:00:15,924 - ERROR - 获取股票数据失败: akshare未返回数据
2025-09-22 22:00:16,133 - INFO - 正在从BaoStock获取 2065 的历史数据...
2025-09-22 22:00:16,133 - WARNING - BaoStock价格数据失败，将回退akshare: 股票代码应为9位，请检查。格式示例：sh.600000。
2025-09-22 22:00:16,134 - INFO - 正在从akshare获取 2065 的历史数据...
2025-09-22 22:00:16,276 - ERROR - 获取股票数据失败: akshare未返回数据
2025-09-22 22:00:17,220 - INFO - 正在从BaoStock获取 2298 的历史数据...
2025-09-22 22:00:17,221 - WARNING - BaoStock价格数据失败，将回退akshare: 股票代码应为9位，请检查。格式示例：sh.600000。
2025-09-22 22:00:17,221 - INFO - 正在从akshare获取 2298 的历史数据...
2025-09-22 22:00:17,375 - ERROR - 获取股票数据失败: akshare未返回数据
2025-09-22 22:00:18,099 - INFO - 正在从BaoStock获取 1234 的历史数据...
2025-09-22 22:00:18,100 - WARNING - BaoStock价格数据失败，将回退akshare: 股票代码应为9位，请检查。格式示例：sh.600000。
2025-09-22 22:00:18,100 - INFO - 正在从akshare获取 1234 的历史数据...
2025-09-22 22:00:18,335 - ERROR - 获取股票数据失败: akshare未返回数据
2025-09-22 22:00:18,868 - INFO - 正在从BaoStock获取 2145 的历史数据...
2025-09-22 22:00:18,868 - WARNING - BaoStock价格数据失败，将回退akshare: 股票代码应为9位，请检查。格式示例：sh.600000。
2025-09-22 22:00:18,868 - INFO - 正在从akshare获取 2145 的历史数据...
2025-09-22 22:00:19,091 - ERROR - 获取股票数据失败: akshare未返回数据
2025-09-22 22:00:19,316 - INFO - 正在从BaoStock获取 2837 的历史数据...
2025-09-22 22:00:19,317 - WARNING - BaoStock价格数据失败，将回退akshare: 股票代码应为9位，请检查。格式示例：sh.600000。
2025-09-22 22:00:19,317 - INFO - 正在从akshare获取 2837 的历史数据...
2025-09-22 22:00:19,455 - ERROR - 获取股票数据失败: akshare未返回数据
2025-09-22 22:00:19,596 - INFO - 正在从BaoStock获取 2662 的历史数据...
2025-09-22 22:00:19,596 - WARNING - BaoStock价格数据失败，将回退akshare: 股票代码应为9位，请检查。格式示例：sh.600000。
2025-09-22 22:00:19,596 - INFO - 正在从akshare获取 2662 的历史数据...
2025-09-22 22:00:19,805 - ERROR - 获取股票数据失败: akshare未返回数据
2025-09-22 22:00:19,942 - INFO - 正在从BaoStock获取 2849 的历史数据...
2025-09-22 22:00:19,942 - WARNING - BaoStock价格数据失败，将回退akshare: 股票代码应为9位，请检查。格式示例：sh.600000。
2025-09-22 22:00:19,942 - INFO - 正在从akshare获取 2849 的历史数据...
2025-09-22 22:00:20,086 - ERROR - 获取股票数据失败: akshare未返回数据
2025-09-22 22:00:20,227 - INFO - 正在从BaoStock获取 2718 的历史数据...
2025-09-22 22:00:20,227 - WARNING - BaoStock价格数据失败，将回退akshare: 股票代码应为9位，请检查。格式示例：sh.600000。
2025-09-22 22:00:20,228 - INFO - 正在从akshare获取 2718 的历史数据...
2025-09-22 22:00:20,441 - ERROR - 获取股票数据失败: akshare未返回数据
2025-09-22 22:00:20,855 - INFO - 正在从BaoStock获取 718 的历史数据...
2025-09-22 22:00:20,855 - WARNING - BaoStock价格数据失败，将回退akshare: 股票代码应为9位，请检查。格式示例：sh.600000。
2025-09-22 22:00:20,855 - INFO - 正在从akshare获取 718 的历史数据...
2025-09-22 22:00:21,049 - ERROR - 获取股票数据失败: akshare未返回数据
2025-09-22 22:00:21,182 - INFO - 正在从BaoStock获取 2716 的历史数据...
2025-09-22 22:00:21,182 - WARNING - BaoStock价格数据失败，将回退akshare: 股票代码应为9位，请检查。格式示例：sh.600000。
2025-09-22 22:00:21,182 - INFO - 正在从akshare获取 2716 的历史数据...
2025-09-22 22:00:21,418 - ERROR - 获取股票数据失败: akshare未返回数据
2025-09-22 22:00:21,715 - INFO - 正在从BaoStock获取 2916 的历史数据...
2025-09-22 22:00:21,715 - WARNING - BaoStock价格数据失败，将回退akshare: 股票代码应为9位，请检查。格式示例：sh.600000。
2025-09-22 22:00:21,715 - INFO - 正在从akshare获取 2916 的历史数据...
2025-09-22 22:00:21,934 - ERROR - 获取股票数据失败: akshare未返回数据
2025-09-22 22:00:22,516 - INFO - 正在从BaoStock获取 558 的历史数据...
2025-09-22 22:00:22,516 - WARNING - BaoStock价格数据失败，将回退akshare: 股票代码应为9位，请检查。格式示例：sh.600000。
2025-09-22 22:00:22,517 - INFO - 正在从akshare获取 558 的历史数据...
2025-09-22 22:00:23,143 - ERROR - 获取股票数据失败: akshare未返回数据
2025-09-22 22:00:23,383 - INFO - 正在从BaoStock获取 2246 的历史数据...
2025-09-22 22:00:23,383 - WARNING - BaoStock价格数据失败，将回退akshare: 股票代码应为9位，请检查。格式示例：sh.600000。
2025-09-22 22:00:23,384 - INFO - 正在从akshare获取 2246 的历史数据...
2025-09-22 22:00:25,097 - ERROR - 获取股票数据失败: akshare未返回数据
2025-09-22 22:00:27,382 - INFO - 正在从BaoStock获取 2674 的历史数据...
2025-09-22 22:00:27,382 - WARNING - BaoStock价格数据失败，将回退akshare: 股票代码应为9位，请检查。格式示例：sh.600000。
2025-09-22 22:00:27,383 - INFO - 正在从akshare获取 2674 的历史数据...
2025-09-22 22:00:27,874 - ERROR - 获取股票数据失败: akshare未返回数据
2025-09-22 22:00:29,418 - INFO - 正在从BaoStock获取 2600 的历史数据...
2025-09-22 22:00:29,418 - WARNING - BaoStock价格数据失败，将回退akshare: 股票代码应为9位，请检查。格式示例：sh.600000。
2025-09-22 22:00:29,418 - INFO - 正在从akshare获取 2600 的历史数据...
2025-09-22 22:00:30,922 - ERROR - 获取股票数据失败: akshare未返回数据
2025-09-22 22:00:35,743 - INFO - 正在从BaoStock获取 959 的历史数据...
2025-09-22 22:00:35,744 - WARNING - BaoStock价格数据失败，将回退akshare: 股票代码应为9位，请检查。格式示例：sh.600000。
2025-09-22 22:00:35,744 - INFO - 正在从akshare获取 959 的历史数据...
2025-09-22 22:00:36,062 - ERROR - 获取股票数据失败: akshare未返回数据
2025-09-22 22:00:36,466 - INFO - 正在从BaoStock获取 2850 的历史数据...
2025-09-22 22:00:36,466 - WARNING - BaoStock价格数据失败，将回退akshare: 股票代码应为9位，请检查。格式示例：sh.600000。
2025-09-22 22:00:36,467 - INFO - 正在从akshare获取 2850 的历史数据...
2025-09-22 22:00:37,276 - ERROR - 获取股票数据失败: akshare未返回数据
2025-09-22 22:00:40,452 - INFO - 正在从BaoStock获取 2008 的历史数据...
2025-09-22 22:00:40,453 - WARNING - BaoStock价格数据失败，将回退akshare: 股票代码应为9位，请检查。格式示例：sh.600000。
2025-09-22 22:00:40,457 - INFO - 正在从akshare获取 2008 的历史数据...
2025-09-22 22:00:41,697 - ERROR - 获取股票数据失败: akshare未返回数据
2025-09-22 22:00:46,540 - INFO - 正在从BaoStock获取 2011 的历史数据...
2025-09-22 22:00:46,540 - WARNING - BaoStock价格数据失败，将回退akshare: 股票代码应为9位，请检查。格式示例：sh.600000。
2025-09-22 22:00:46,540 - INFO - 正在从akshare获取 2011 的历史数据...
2025-09-22 22:00:47,073 - ERROR - 获取股票数据失败: akshare未返回数据
2025-09-22 22:00:47,902 - INFO - 正在从BaoStock获取 685 的历史数据...
2025-09-22 22:00:47,903 - WARNING - BaoStock价格数据失败，将回退akshare: 股票代码应为9位，请检查。格式示例：sh.600000。
2025-09-22 22:00:47,903 - INFO - 正在从akshare获取 685 的历史数据...
2025-09-22 22:00:48,159 - ERROR - 获取股票数据失败: akshare未返回数据
2025-09-22 22:00:51,062 - INFO - 正在从BaoStock获取 2472 的历史数据...
2025-09-22 22:00:51,062 - WARNING - BaoStock价格数据失败，将回退akshare: 股票代码应为9位，请检查。格式示例：sh.600000。
2025-09-22 22:00:51,062 - INFO - 正在从akshare获取 2472 的历史数据...
2025-09-22 22:00:51,306 - ERROR - 获取股票数据失败: akshare未返回数据
2025-09-22 22:00:58,082 - INFO - 正在从BaoStock获取 2241 的历史数据...
2025-09-22 22:00:58,082 - WARNING - BaoStock价格数据失败，将回退akshare: 股票代码应为9位，请检查。格式示例：sh.600000。
2025-09-22 22:00:58,082 - INFO - 正在从akshare获取 2241 的历史数据...
2025-09-22 22:00:59,363 - ERROR - 获取股票数据失败: akshare未返回数据
2025-09-22 22:00:59,724 - INFO - 正在从BaoStock获取 420 的历史数据...
2025-09-22 22:00:59,724 - WARNING - BaoStock价格数据失败，将回退akshare: 股票代码应为9位，请检查。格式示例：sh.600000。
2025-09-22 22:00:59,724 - INFO - 正在从akshare获取 420 的历史数据...
2025-09-22 22:00:59,909 - ERROR - 获取股票数据失败: akshare未返回数据
2025-09-22 22:01:04,459 - INFO - 正在从BaoStock获取 2670 的历史数据...
2025-09-22 22:01:04,459 - WARNING - BaoStock价格数据失败，将回退akshare: 股票代码应为9位，请检查。格式示例：sh.600000。
2025-09-22 22:01:04,459 - INFO - 正在从akshare获取 2670 的历史数据...
2025-09-22 22:01:04,668 - ERROR - 获取股票数据失败: akshare未返回数据
2025-09-22 22:01:11,248 - INFO - 正在从BaoStock获取 2641 的历史数据...
2025-09-22 22:01:11,249 - WARNING - BaoStock价格数据失败，将回退akshare: 股票代码应为9位，请检查。格式示例：sh.600000。
2025-09-22 22:01:11,249 - INFO - 正在从akshare获取 2641 的历史数据...
2025-09-22 22:01:12,851 - ERROR - 获取股票数据失败: akshare未返回数据
2025-09-22 22:01:16,081 - INFO - 正在从BaoStock获取 2244 的历史数据...
2025-09-22 22:01:16,081 - WARNING - BaoStock价格数据失败，将回退akshare: 股票代码应为9位，请检查。格式示例：sh.600000。
2025-09-22 22:01:16,081 - INFO - 正在从akshare获取 2244 的历史数据...
2025-09-22 22:01:17,329 - ERROR - 获取股票数据失败: akshare未返回数据
2025-09-22 22:01:18,063 - INFO - 正在从BaoStock获取 2281 的历史数据...
2025-09-22 22:01:18,063 - WARNING - BaoStock价格数据失败，将回退akshare: 股票代码应为9位，请检查。格式示例：sh.600000。
2025-09-22 22:01:18,063 - INFO - 正在从akshare获取 2281 的历史数据...
2025-09-22 22:01:18,659 - ERROR - 获取股票数据失败: akshare未返回数据
2025-09-22 22:01:21,875 - INFO - 正在从BaoStock获取 801 的历史数据...
2025-09-22 22:01:21,875 - WARNING - BaoStock价格数据失败，将回退akshare: 股票代码应为9位，请检查。格式示例：sh.600000。
2025-09-22 22:01:21,875 - INFO - 正在从akshare获取 801 的历史数据...
2025-09-22 22:01:22,466 - ERROR - 获取股票数据失败: akshare未返回数据
2025-09-22 22:01:22,722 - INFO - 正在从BaoStock获取 2130 的历史数据...
2025-09-22 22:01:22,722 - WARNING - BaoStock价格数据失败，将回退akshare: 股票代码应为9位，请检查。格式示例：sh.600000。
2025-09-22 22:01:22,722 - INFO - 正在从akshare获取 2130 的历史数据...
2025-09-22 22:01:23,009 - ERROR - 获取股票数据失败: akshare未返回数据
2025-09-22 22:01:24,184 - INFO - 正在从BaoStock获取 426 的历史数据...
2025-09-22 22:01:24,184 - WARNING - BaoStock价格数据失败，将回退akshare: 股票代码应为9位，请检查。格式示例：sh.600000。
2025-09-22 22:01:24,184 - INFO - 正在从akshare获取 426 的历史数据...
2025-09-22 22:01:24,476 - ERROR - 获取股票数据失败: akshare未返回数据
2025-09-22 22:01:24,816 - INFO - 正在从BaoStock获取 2539 的历史数据...
2025-09-22 22:01:24,817 - WARNING - BaoStock价格数据失败，将回退akshare: 股票代码应为9位，请检查。格式示例：sh.600000。
2025-09-22 22:01:24,817 - INFO - 正在从akshare获取 2539 的历史数据...
2025-09-22 22:01:25,064 - ERROR - 获取股票数据失败: akshare未返回数据
2025-09-22 22:01:28,049 - INFO - 正在从BaoStock获取 2317 的历史数据...
2025-09-22 22:01:28,049 - WARNING - BaoStock价格数据失败，将回退akshare: 股票代码应为9位，请检查。格式示例：sh.600000。
2025-09-22 22:01:28,049 - INFO - 正在从akshare获取 2317 的历史数据...
2025-09-22 22:01:28,298 - ERROR - 获取股票数据失败: akshare未返回数据
2025-09-22 22:01:28,874 - INFO - 正在从BaoStock获取 2543 的历史数据...
2025-09-22 22:01:28,874 - WARNING - BaoStock价格数据失败，将回退akshare: 股票代码应为9位，请检查。格式示例：sh.600000。
2025-09-22 22:01:28,874 - INFO - 正在从akshare获取 2543 的历史数据...
2025-09-22 22:01:29,191 - ERROR - 获取股票数据失败: akshare未返回数据
2025-09-22 22:01:31,965 - INFO - 正在从BaoStock获取 2690 的历史数据...
2025-09-22 22:01:31,966 - WARNING - BaoStock价格数据失败，将回退akshare: 股票代码应为9位，请检查。格式示例：sh.600000。
2025-09-22 22:01:31,966 - INFO - 正在从akshare获取 2690 的历史数据...
2025-09-22 22:01:32,302 - ERROR - 获取股票数据失败: akshare未返回数据
2025-09-22 22:01:32,573 - INFO - 正在从BaoStock获取 1287 的历史数据...
2025-09-22 22:01:32,574 - WARNING - BaoStock价格数据失败，将回退akshare: 股票代码应为9位，请检查。格式示例：sh.600000。
2025-09-22 22:01:32,574 - INFO - 正在从akshare获取 1287 的历史数据...
2025-09-22 22:01:32,872 - ERROR - 获取股票数据失败: akshare未返回数据
2025-09-22 22:01:33,814 - INFO - 正在从BaoStock获取 887 的历史数据...
2025-09-22 22:01:33,815 - WARNING - BaoStock价格数据失败，将回退akshare: 股票代码应为9位，请检查。格式示例：sh.600000。
2025-09-22 22:01:33,815 - INFO - 正在从akshare获取 887 的历史数据...
2025-09-22 22:01:34,090 - ERROR - 获取股票数据失败: akshare未返回数据
2025-09-22 22:04:23,078 - INFO - ✅ BaoStock连接成功
2025-09-22 22:04:23,080 - INFO - ✅ 成功加载配置文件: config.json
2025-09-22 22:04:23,080 - INFO - 增强版股票分析器初始化完成
2025-09-22 22:04:23,080 - INFO - === 增强版系统配置状态 ===
2025-09-22 22:04:23,080 - WARNING - ⚠️ 未配置任何AI API密钥
2025-09-22 22:04:23,080 - INFO - 📊 财务指标数量: 25
2025-09-22 22:04:23,080 - INFO - 📰 最大新闻数量: 200
2025-09-22 22:04:23,080 - INFO - ===================================
2025-09-22 22:13:25,125 - INFO - ✅ BaoStock连接成功
2025-09-22 22:13:25,128 - INFO - ✅ 成功加载配置文件: config.json
2025-09-22 22:13:25,128 - INFO - 增强版股票分析器初始化完成
2025-09-22 22:13:25,129 - INFO - === 增强版系统配置状态 ===
2025-09-22 22:13:25,129 - WARNING - ⚠️ 未配置任何AI API密钥
2025-09-22 22:13:25,129 - INFO - 📊 财务指标数量: 25
2025-09-22 22:13:25,129 - INFO - 📰 最大新闻数量: 200
2025-09-22 22:13:25,129 - INFO - ===================================
2025-09-22 22:13:47,421 - WARNING - 无法获取A股快照，规则推荐为空
2025-09-22 22:13:53,575 - WARNING - 无法获取A股快照，规则推荐为空
2025-09-22 22:14:01,345 - WARNING - 无法获取A股快照，规则推荐为空
2025-09-22 22:14:19,682 - WARNING - 无法获取A股快照，规则推荐为空
2025-09-22 22:14:39,072 - WARNING - 无法获取A股快照，规则推荐为空
2025-09-22 22:14:40,446 - WARNING - 无法获取A股快照，规则推荐为空
2025-09-22 22:14:45,870 - WARNING - 无法获取A股快照，规则推荐为空
2025-09-22 22:14:48,844 - WARNING - 无法获取A股快照，规则推荐为空
2025-09-22 22:14:49,381 - WARNING - 无法获取A股快照，规则推荐为空
2025-09-22 22:14:50,066 - WARNING - 无法获取A股快照，规则推荐为空
2025-09-22 22:15:32,001 - INFO - ✅ BaoStock连接成功
2025-09-22 22:15:32,003 - INFO - ✅ 成功加载配置文件: config.json
2025-09-22 22:15:32,003 - INFO - 增强版股票分析器初始化完成
2025-09-22 22:15:32,003 - INFO - === 增强版系统配置状态 ===
2025-09-22 22:15:32,003 - WARNING - ⚠️ 未配置任何AI API密钥
2025-09-22 22:15:32,003 - INFO - 📊 财务指标数量: 25
2025-09-22 22:15:32,003 - INFO - 📰 最大新闻数量: 200
2025-09-22 22:15:32,003 - INFO - ===================================
2025-09-22 22:15:36,071 - INFO - 在线快照不可用，回退缓存: HTTPSConnectionPool(host='82.push2.eastmoney.com', port=443): Max retries exceeded with url: /api/qt/clist/get?pn=1&pz=100&po=1&np=1&ut=bd1d9ddb04089700cf9c27f6f7426281&fltt=2&invt=2&fid=f12&fs=m%3A0+t%3A6%2Cm%3A0+t%3A80%2Cm%3A1+t%3A2%2Cm%3A1+t%3A23%2Cm%3A0+t%3A81+s%3A2048&fields=f1%2Cf2%2Cf3%2Cf4%2Cf5%2Cf6%2Cf7%2Cf8%2Cf9%2Cf10%2Cf12%2Cf13%2Cf14%2Cf15%2Cf16%2Cf17%2Cf18%2Cf20%2Cf21%2Cf23%2Cf24%2Cf25%2Cf22%2Cf11%2Cf62%2Cf128%2Cf136%2Cf115%2Cf152 (Caused by ProxyError('Unable to connect to proxy', RemoteDisconnected('Remote end closed connection without response')))
2025-09-22 22:15:36,072 - WARNING - 无法获取A股快照，推荐列表为空
2025-09-22 22:15:39,555 - INFO - 在线快照不可用，回退缓存: HTTPSConnectionPool(host='82.push2.eastmoney.com', port=443): Max retries exceeded with url: /api/qt/clist/get?pn=1&pz=100&po=1&np=1&ut=bd1d9ddb04089700cf9c27f6f7426281&fltt=2&invt=2&fid=f12&fs=m%3A0+t%3A6%2Cm%3A0+t%3A80%2Cm%3A1+t%3A2%2Cm%3A1+t%3A23%2Cm%3A0+t%3A81+s%3A2048&fields=f1%2Cf2%2Cf3%2Cf4%2Cf5%2Cf6%2Cf7%2Cf8%2Cf9%2Cf10%2Cf12%2Cf13%2Cf14%2Cf15%2Cf16%2Cf17%2Cf18%2Cf20%2Cf21%2Cf23%2Cf24%2Cf25%2Cf22%2Cf11%2Cf62%2Cf128%2Cf136%2Cf115%2Cf152 (Caused by ProxyError('Unable to connect to proxy', RemoteDisconnected('Remote end closed connection without response')))
2025-09-22 22:15:39,557 - WARNING - 无法获取A股快照，推荐列表为空
2025-09-22 22:15:41,237 - INFO - 在线快照不可用，回退缓存: HTTPSConnectionPool(host='82.push2.eastmoney.com', port=443): Max retries exceeded with url: /api/qt/clist/get?pn=1&pz=100&po=1&np=1&ut=bd1d9ddb04089700cf9c27f6f7426281&fltt=2&invt=2&fid=f12&fs=m%3A0+t%3A6%2Cm%3A0+t%3A80%2Cm%3A1+t%3A2%2Cm%3A1+t%3A23%2Cm%3A0+t%3A81+s%3A2048&fields=f1%2Cf2%2Cf3%2Cf4%2Cf5%2Cf6%2Cf7%2Cf8%2Cf9%2Cf10%2Cf12%2Cf13%2Cf14%2Cf15%2Cf16%2Cf17%2Cf18%2Cf20%2Cf21%2Cf23%2Cf24%2Cf25%2Cf22%2Cf11%2Cf62%2Cf128%2Cf136%2Cf115%2Cf152 (Caused by ProxyError('Unable to connect to proxy', RemoteDisconnected('Remote end closed connection without response')))
2025-09-22 22:15:41,238 - WARNING - 无法获取A股快照，推荐列表为空
2025-09-22 22:19:15,319 - INFO - ✅ BaoStock连接成功
2025-09-22 22:19:15,321 - INFO - ✅ 成功加载配置文件: /Users/charlieyang/stock/stock-scanner/2.0 win app/config.json
2025-09-22 22:19:15,321 - INFO - 增强版股票分析器初始化完成
2025-09-22 22:19:15,321 - INFO - === 增强版系统配置状态 ===
2025-09-22 22:19:15,321 - WARNING - ⚠️ 未配置任何AI API密钥
2025-09-22 22:19:15,321 - INFO - 📊 财务指标数量: 25
2025-09-22 22:19:15,321 - INFO - 📰 最大新闻数量: 200
2025-09-22 22:19:15,321 - INFO - ===================================
2025-09-22 22:19:15,688 - WARNING - 无法获取A股快照，进入离线兜底模式(基于BaoStock价格数据)
2025-09-22 22:19:25,863 - INFO - 正在从BaoStock获取 600000 的历史数据...
2025-09-22 22:19:26,236 - INFO - ✓ 数据验证 - 最新收盘价: 12.54, 最新开盘价: 12.78
2025-09-22 22:19:26,236 - INFO - ✓ 成功从BaoStock获取 600000 的价格数据，共 244 条记录
2025-09-22 22:19:26,237 - INFO - 正在从BaoStock获取 600001 的历史数据...
2025-09-22 22:19:26,300 - WARNING - BaoStock价格数据失败，将回退akshare: BaoStock未返回数据
2025-09-22 22:19:26,301 - INFO - 正在从akshare获取 600001 的历史数据...
2025-09-22 22:19:26,593 - ERROR - 获取股票数据失败: akshare未返回数据
2025-09-22 22:19:26,594 - INFO - 正在从BaoStock获取 600002 的历史数据...
2025-09-22 22:19:26,662 - WARNING - BaoStock价格数据失败，将回退akshare: BaoStock未返回数据
2025-09-22 22:19:26,662 - INFO - 正在从akshare获取 600002 的历史数据...
2025-09-22 22:19:26,804 - ERROR - 获取股票数据失败: akshare未返回数据
2025-09-22 22:19:26,805 - INFO - 正在从BaoStock获取 600004 的历史数据...
2025-09-22 22:19:27,087 - INFO - ✓ 数据验证 - 最新收盘价: 9.46, 最新开盘价: 9.58
2025-09-22 22:19:27,088 - INFO - ✓ 成功从BaoStock获取 600004 的价格数据，共 244 条记录
2025-09-22 22:19:27,088 - INFO - 正在从BaoStock获取 600005 的历史数据...
2025-09-22 22:19:27,131 - WARNING - BaoStock价格数据失败，将回退akshare: BaoStock未返回数据
2025-09-22 22:19:27,132 - INFO - 正在从akshare获取 600005 的历史数据...
2025-09-22 22:19:27,275 - ERROR - 获取股票数据失败: akshare未返回数据
2025-09-22 22:19:27,276 - INFO - 正在从BaoStock获取 600006 的历史数据...
2025-09-22 22:19:27,900 - INFO - ✓ 数据验证 - 最新收盘价: 7.33, 最新开盘价: 7.34
2025-09-22 22:19:27,900 - INFO - ✓ 成功从BaoStock获取 600006 的价格数据，共 244 条记录
2025-09-22 22:19:27,900 - INFO - 正在从BaoStock获取 600007 的历史数据...
2025-09-22 22:19:28,855 - INFO - ✓ 数据验证 - 最新收盘价: 21.38, 最新开盘价: 21.77
2025-09-22 22:19:28,855 - INFO - ✓ 成功从BaoStock获取 600007 的价格数据，共 244 条记录
2025-09-22 22:19:28,855 - INFO - 正在从BaoStock获取 600008 的历史数据...
2025-09-22 22:19:29,331 - INFO - ✓ 数据验证 - 最新收盘价: 3.16, 最新开盘价: 3.19
2025-09-22 22:19:29,331 - INFO - ✓ 成功从BaoStock获取 600008 的价格数据，共 244 条记录
2025-09-22 22:19:29,331 - INFO - 正在从BaoStock获取 600009 的历史数据...
2025-09-22 22:19:29,553 - INFO - ✓ 数据验证 - 最新收盘价: 32.05, 最新开盘价: 32.31
2025-09-22 22:19:29,553 - INFO - ✓ 成功从BaoStock获取 600009 的价格数据，共 244 条记录
2025-09-22 22:19:29,554 - INFO - 正在从BaoStock获取 600010 的历史数据...
2025-09-22 22:19:29,844 - INFO - ✓ 数据验证 - 最新收盘价: 2.38, 最新开盘价: 2.38
2025-09-22 22:19:29,844 - INFO - ✓ 成功从BaoStock获取 600010 的价格数据，共 244 条记录
2025-09-22 22:19:29,845 - INFO - 正在从BaoStock获取 600011 的历史数据...
2025-09-22 22:19:30,002 - INFO - ✓ 数据验证 - 最新收盘价: 7.23, 最新开盘价: 7.37
2025-09-22 22:19:30,002 - INFO - ✓ 成功从BaoStock获取 600011 的价格数据，共 244 条记录
2025-09-22 22:19:30,003 - INFO - 正在从BaoStock获取 600012 的历史数据...
2025-09-22 22:19:30,313 - INFO - ✓ 数据验证 - 最新收盘价: 12.89, 最新开盘价: 13.04
2025-09-22 22:19:30,314 - INFO - ✓ 成功从BaoStock获取 600012 的价格数据，共 244 条记录
2025-09-22 22:19:30,314 - INFO - 正在从BaoStock获取 600015 的历史数据...
2025-09-22 22:19:30,486 - INFO - ✓ 数据验证 - 最新收盘价: 6.77, 最新开盘价: 6.81
2025-09-22 22:19:30,486 - INFO - ✓ 成功从BaoStock获取 600015 的价格数据，共 244 条记录
2025-09-22 22:19:30,486 - INFO - 正在从BaoStock获取 600016 的历史数据...
2025-09-22 22:19:30,639 - INFO - ✓ 数据验证 - 最新收盘价: 4.04, 最新开盘价: 4.05
2025-09-22 22:19:30,639 - INFO - ✓ 成功从BaoStock获取 600016 的价格数据，共 244 条记录
2025-09-22 22:19:30,640 - INFO - 正在从BaoStock获取 600017 的历史数据...
2025-09-22 22:19:30,797 - INFO - ✓ 数据验证 - 最新收盘价: 3.19, 最新开盘价: 3.24
2025-09-22 22:19:30,797 - INFO - ✓ 成功从BaoStock获取 600017 的价格数据，共 244 条记录
2025-09-22 22:19:30,798 - INFO - 正在从BaoStock获取 600018 的历史数据...
2025-09-22 22:19:30,974 - INFO - ✓ 数据验证 - 最新收盘价: 5.53, 最新开盘价: 5.57
2025-09-22 22:19:30,975 - INFO - ✓ 成功从BaoStock获取 600018 的价格数据，共 244 条记录
2025-09-22 22:19:30,975 - INFO - 正在从BaoStock获取 600019 的历史数据...
2025-09-22 22:19:31,132 - INFO - ✓ 数据验证 - 最新收盘价: 6.96, 最新开盘价: 6.9
2025-09-22 22:19:31,132 - INFO - ✓ 成功从BaoStock获取 600019 的价格数据，共 244 条记录
2025-09-22 22:19:31,132 - INFO - 正在从BaoStock获取 600020 的历史数据...
2025-09-22 22:19:31,314 - INFO - ✓ 数据验证 - 最新收盘价: 4.29, 最新开盘价: 4.32
2025-09-22 22:19:31,314 - INFO - ✓ 成功从BaoStock获取 600020 的价格数据，共 244 条记录
2025-09-22 22:19:31,315 - INFO - 正在从BaoStock获取 600021 的历史数据...
2025-09-22 22:19:31,475 - INFO - ✓ 数据验证 - 最新收盘价: 19.66, 最新开盘价: 19.96
2025-09-22 22:19:31,475 - INFO - ✓ 成功从BaoStock获取 600021 的价格数据，共 244 条记录
2025-09-22 22:19:31,476 - INFO - 正在从BaoStock获取 600022 的历史数据...
2025-09-22 22:19:31,685 - INFO - ✓ 数据验证 - 最新收盘价: 1.53, 最新开盘价: 1.55
2025-09-22 22:19:31,685 - INFO - ✓ 成功从BaoStock获取 600022 的价格数据，共 244 条记录
2025-09-22 22:19:31,685 - INFO - 正在从BaoStock获取 600023 的历史数据...
2025-09-22 22:19:32,171 - INFO - ✓ 数据验证 - 最新收盘价: 4.97, 最新开盘价: 4.99
2025-09-22 22:19:32,171 - INFO - ✓ 成功从BaoStock获取 600023 的价格数据，共 244 条记录
2025-09-22 22:19:32,172 - INFO - 正在从BaoStock获取 600025 的历史数据...
2025-09-22 22:19:32,436 - INFO - ✓ 数据验证 - 最新收盘价: 9.19, 最新开盘价: 9.18
2025-09-22 22:19:32,436 - INFO - ✓ 成功从BaoStock获取 600025 的价格数据，共 244 条记录
2025-09-22 22:19:32,437 - INFO - 正在从BaoStock获取 600026 的历史数据...
2025-09-22 22:19:32,967 - INFO - ✓ 数据验证 - 最新收盘价: 12.23, 最新开盘价: 12.75
2025-09-22 22:19:32,968 - INFO - ✓ 成功从BaoStock获取 600026 的价格数据，共 244 条记录
2025-09-22 22:19:32,968 - INFO - ✓ 离线兜底生成 10 条推荐（基于近端动量/波动）
2025-09-22 22:19:52,074 - INFO - ✅ BaoStock连接成功
2025-09-22 22:19:52,074 - INFO - ✅ 成功加载配置文件: config.json
2025-09-22 22:19:52,074 - INFO - 增强版股票分析器初始化完成
2025-09-22 22:19:52,074 - INFO - === 增强版系统配置状态 ===
2025-09-22 22:19:52,074 - WARNING - ⚠️ 未配置任何AI API密钥
2025-09-22 22:19:52,074 - INFO - 📊 财务指标数量: 25
2025-09-22 22:19:52,074 - INFO - 📰 最大新闻数量: 200
2025-09-22 22:19:52,074 - INFO - ===================================
2025-09-22 22:19:56,588 - WARNING - 无法获取A股快照，规则推荐为空
2025-09-22 22:19:57,937 - WARNING - 无法获取A股快照，规则推荐为空
2025-09-22 22:20:00,158 - INFO - 在线快照不可用，回退缓存: HTTPSConnectionPool(host='82.push2.eastmoney.com', port=443): Max retries exceeded with url: /api/qt/clist/get?pn=1&pz=100&po=1&np=1&ut=bd1d9ddb04089700cf9c27f6f7426281&fltt=2&invt=2&fid=f12&fs=m%3A0+t%3A6%2Cm%3A0+t%3A80%2Cm%3A1+t%3A2%2Cm%3A1+t%3A23%2Cm%3A0+t%3A81+s%3A2048&fields=f1%2Cf2%2Cf3%2Cf4%2Cf5%2Cf6%2Cf7%2Cf8%2Cf9%2Cf10%2Cf12%2Cf13%2Cf14%2Cf15%2Cf16%2Cf17%2Cf18%2Cf20%2Cf21%2Cf23%2Cf24%2Cf25%2Cf22%2Cf11%2Cf62%2Cf128%2Cf136%2Cf115%2Cf152 (Caused by ProxyError('Unable to connect to proxy', RemoteDisconnected('Remote end closed connection without response')))
2025-09-22 22:20:00,160 - WARNING - 无法获取A股快照，进入离线兜底模式(基于BaoStock价格数据)
2025-09-22 22:20:10,211 - INFO - 正在从BaoStock获取 600000 的历史数据...
2025-09-22 22:20:10,687 - INFO - ✓ 数据验证 - 最新收盘价: 12.54, 最新开盘价: 12.78
2025-09-22 22:20:10,687 - INFO - ✓ 成功从BaoStock获取 600000 的价格数据，共 244 条记录
2025-09-22 22:20:10,688 - INFO - 正在从BaoStock获取 600001 的历史数据...
2025-09-22 22:20:10,731 - WARNING - BaoStock价格数据失败，将回退akshare: BaoStock未返回数据
2025-09-22 22:20:10,731 - INFO - 正在从akshare获取 600001 的历史数据...
2025-09-22 22:20:10,906 - ERROR - 获取股票数据失败: akshare未返回数据
2025-09-22 22:20:10,907 - INFO - 正在从BaoStock获取 600002 的历史数据...
2025-09-22 22:20:11,270 - WARNING - BaoStock价格数据失败，将回退akshare: BaoStock未返回数据
2025-09-22 22:20:11,271 - INFO - 正在从akshare获取 600002 的历史数据...
2025-09-22 22:20:11,404 - ERROR - 获取股票数据失败: akshare未返回数据
2025-09-22 22:20:11,404 - INFO - 正在从BaoStock获取 600004 的历史数据...
2025-09-22 22:20:11,726 - INFO - ✓ 数据验证 - 最新收盘价: 9.46, 最新开盘价: 9.58
2025-09-22 22:20:11,726 - INFO - ✓ 成功从BaoStock获取 600004 的价格数据，共 244 条记录
2025-09-22 22:20:11,727 - INFO - 正在从BaoStock获取 600005 的历史数据...
2025-09-22 22:20:13,385 - WARNING - BaoStock价格数据失败，将回退akshare: BaoStock未返回数据
2025-09-22 22:20:13,386 - INFO - 正在从akshare获取 600005 的历史数据...
2025-09-22 22:20:13,528 - ERROR - 获取股票数据失败: akshare未返回数据
2025-09-22 22:20:13,529 - INFO - 正在从BaoStock获取 600006 的历史数据...
2025-09-22 22:20:13,752 - INFO - ✓ 数据验证 - 最新收盘价: 7.33, 最新开盘价: 7.34
2025-09-22 22:20:13,753 - INFO - ✓ 成功从BaoStock获取 600006 的价格数据，共 244 条记录
2025-09-22 22:20:13,753 - INFO - 正在从BaoStock获取 600007 的历史数据...
2025-09-22 22:20:14,367 - INFO - ✓ 数据验证 - 最新收盘价: 21.38, 最新开盘价: 21.77
2025-09-22 22:20:14,367 - INFO - ✓ 成功从BaoStock获取 600007 的价格数据，共 244 条记录
2025-09-22 22:20:14,368 - INFO - 正在从BaoStock获取 600008 的历史数据...
2025-09-22 22:20:15,408 - INFO - ✓ 数据验证 - 最新收盘价: 3.16, 最新开盘价: 3.19
2025-09-22 22:20:15,409 - INFO - ✓ 成功从BaoStock获取 600008 的价格数据，共 244 条记录
2025-09-22 22:20:15,409 - INFO - 正在从BaoStock获取 600009 的历史数据...
2025-09-22 22:20:16,128 - INFO - ✓ 数据验证 - 最新收盘价: 32.05, 最新开盘价: 32.31
2025-09-22 22:20:16,128 - INFO - ✓ 成功从BaoStock获取 600009 的价格数据，共 244 条记录
2025-09-22 22:20:16,129 - INFO - 正在从BaoStock获取 600010 的历史数据...
2025-09-22 22:20:16,705 - INFO - ✓ 数据验证 - 最新收盘价: 2.38, 最新开盘价: 2.38
2025-09-22 22:20:16,705 - INFO - ✓ 成功从BaoStock获取 600010 的价格数据，共 244 条记录
2025-09-22 22:20:16,706 - INFO - 正在从BaoStock获取 600011 的历史数据...
2025-09-22 22:20:16,976 - INFO - ✓ 数据验证 - 最新收盘价: 7.23, 最新开盘价: 7.37
2025-09-22 22:20:16,977 - INFO - ✓ 成功从BaoStock获取 600011 的价格数据，共 244 条记录
2025-09-22 22:20:16,977 - INFO - 正在从BaoStock获取 600012 的历史数据...
2025-09-22 22:20:17,783 - INFO - ✓ 数据验证 - 最新收盘价: 12.89, 最新开盘价: 13.04
2025-09-22 22:20:17,783 - INFO - ✓ 成功从BaoStock获取 600012 的价格数据，共 244 条记录
2025-09-22 22:20:17,784 - INFO - 正在从BaoStock获取 600015 的历史数据...
2025-09-22 22:20:18,398 - INFO - ✓ 数据验证 - 最新收盘价: 6.77, 最新开盘价: 6.81
2025-09-22 22:20:18,398 - INFO - ✓ 成功从BaoStock获取 600015 的价格数据，共 244 条记录
2025-09-22 22:20:18,398 - INFO - 正在从BaoStock获取 600016 的历史数据...
2025-09-22 22:20:19,836 - INFO - ✓ 数据验证 - 最新收盘价: 4.04, 最新开盘价: 4.05
2025-09-22 22:20:19,836 - INFO - ✓ 成功从BaoStock获取 600016 的价格数据，共 244 条记录
2025-09-22 22:20:19,837 - INFO - 正在从BaoStock获取 600017 的历史数据...
2025-09-22 22:20:20,035 - INFO - ✓ 数据验证 - 最新收盘价: 3.19, 最新开盘价: 3.24
2025-09-22 22:20:20,035 - INFO - ✓ 成功从BaoStock获取 600017 的价格数据，共 244 条记录
2025-09-22 22:20:20,036 - INFO - 正在从BaoStock获取 600018 的历史数据...
2025-09-22 22:20:20,201 - INFO - ✓ 数据验证 - 最新收盘价: 5.53, 最新开盘价: 5.57
2025-09-22 22:20:20,202 - INFO - ✓ 成功从BaoStock获取 600018 的价格数据，共 244 条记录
2025-09-22 22:20:20,202 - INFO - 正在从BaoStock获取 600019 的历史数据...
2025-09-22 22:20:21,271 - INFO - ✓ 数据验证 - 最新收盘价: 6.96, 最新开盘价: 6.9
2025-09-22 22:20:21,271 - INFO - ✓ 成功从BaoStock获取 600019 的价格数据，共 244 条记录
2025-09-22 22:20:21,272 - INFO - 正在从BaoStock获取 600020 的历史数据...
2025-09-22 22:20:21,728 - INFO - ✓ 数据验证 - 最新收盘价: 4.29, 最新开盘价: 4.32
2025-09-22 22:20:21,728 - INFO - ✓ 成功从BaoStock获取 600020 的价格数据，共 244 条记录
2025-09-22 22:20:21,729 - INFO - 正在从BaoStock获取 600021 的历史数据...
2025-09-22 22:20:21,924 - INFO - ✓ 数据验证 - 最新收盘价: 19.66, 最新开盘价: 19.96
2025-09-22 22:20:21,924 - INFO - ✓ 成功从BaoStock获取 600021 的价格数据，共 244 条记录
2025-09-22 22:20:21,925 - INFO - 正在从BaoStock获取 600022 的历史数据...
2025-09-22 22:20:22,236 - INFO - ✓ 数据验证 - 最新收盘价: 1.53, 最新开盘价: 1.55
2025-09-22 22:20:22,236 - INFO - ✓ 成功从BaoStock获取 600022 的价格数据，共 244 条记录
2025-09-22 22:20:22,237 - INFO - 正在从BaoStock获取 600023 的历史数据...
2025-09-22 22:20:22,752 - INFO - ✓ 数据验证 - 最新收盘价: 4.97, 最新开盘价: 4.99
2025-09-22 22:20:22,752 - INFO - ✓ 成功从BaoStock获取 600023 的价格数据，共 244 条记录
2025-09-22 22:20:22,753 - INFO - 正在从BaoStock获取 600025 的历史数据...
2025-09-22 22:20:24,946 - INFO - ✓ 数据验证 - 最新收盘价: 9.19, 最新开盘价: 9.18
2025-09-22 22:20:24,946 - INFO - ✓ 成功从BaoStock获取 600025 的价格数据，共 244 条记录
2025-09-22 22:20:24,947 - INFO - 正在从BaoStock获取 600026 的历史数据...
2025-09-22 22:20:25,589 - INFO - ✓ 数据验证 - 最新收盘价: 12.23, 最新开盘价: 12.75
2025-09-22 22:20:25,590 - INFO - ✓ 成功从BaoStock获取 600026 的价格数据，共 244 条记录
2025-09-22 22:20:25,590 - INFO - ✓ 离线兜底生成 10 条推荐（基于近端动量/波动）
2025-09-22 22:23:36,137 - INFO - ✅ BaoStock连接成功
2025-09-22 22:23:36,139 - INFO - ✅ 成功加载配置文件: /Users/charlieyang/stock/stock-scanner/2.0 win app/config.json
2025-09-22 22:23:36,139 - INFO - 增强版股票分析器初始化完成
2025-09-22 22:23:36,139 - INFO - === 增强版系统配置状态 ===
2025-09-22 22:23:36,139 - WARNING - ⚠️ 未配置任何AI API密钥
2025-09-22 22:23:36,139 - INFO - 📊 财务指标数量: 25
2025-09-22 22:23:36,139 - INFO - 📰 最大新闻数量: 200
2025-09-22 22:23:36,139 - INFO - ===================================
2025-09-22 22:23:36,489 - WARNING - 无法获取A股快照，规则推荐改用BaoStock候选池
2025-09-22 22:23:42,751 - INFO - 正在从BaoStock获取 600001 的历史数据...
2025-09-22 22:23:42,814 - WARNING - BaoStock价格数据失败，将回退akshare: BaoStock未返回数据
2025-09-22 22:23:42,814 - INFO - 正在从akshare获取 600001 的历史数据...
2025-09-22 22:23:42,962 - ERROR - 获取股票数据失败: akshare未返回数据
2025-09-22 22:23:43,113 - INFO - 正在从BaoStock获取 600002 的历史数据...
2025-09-22 22:23:43,455 - WARNING - BaoStock价格数据失败，将回退akshare: BaoStock未返回数据
2025-09-22 22:23:43,455 - INFO - 正在从akshare获取 600002 的历史数据...
2025-09-22 22:23:43,603 - ERROR - 获取股票数据失败: akshare未返回数据
2025-09-22 22:23:43,917 - INFO - 正在从BaoStock获取 600005 的历史数据...
2025-09-22 22:23:44,121 - WARNING - BaoStock价格数据失败，将回退akshare: BaoStock未返回数据
2025-09-22 22:23:44,121 - INFO - 正在从akshare获取 600005 的历史数据...
2025-09-22 22:23:44,270 - ERROR - 获取股票数据失败: akshare未返回数据
2025-09-22 22:23:52,293 - INFO - 正在从BaoStock获取 600068 的历史数据...
2025-09-22 22:23:52,401 - WARNING - BaoStock价格数据失败，将回退akshare: BaoStock未返回数据
2025-09-22 22:23:52,401 - INFO - 正在从akshare获取 600068 的历史数据...
2025-09-22 22:23:52,543 - ERROR - 获取股票数据失败: akshare未返回数据
2025-09-22 22:23:56,292 - INFO - 正在从BaoStock获取 600102 的历史数据...
2025-09-22 22:23:56,779 - WARNING - BaoStock价格数据失败，将回退akshare: BaoStock未返回数据
2025-09-22 22:23:56,779 - INFO - 正在从akshare获取 600102 的历史数据...
2025-09-22 22:23:56,921 - ERROR - 获取股票数据失败: akshare未返回数据
2025-09-22 22:24:10,382 - INFO - 正在从BaoStock获取 600205 的历史数据...
2025-09-22 22:24:11,717 - WARNING - BaoStock价格数据失败，将回退akshare: BaoStock未返回数据
2025-09-22 22:24:11,717 - INFO - 正在从akshare获取 600205 的历史数据...
2025-09-22 22:24:11,951 - ERROR - 获取股票数据失败: akshare未返回数据
2025-09-22 22:24:19,674 - INFO - 正在从BaoStock获取 600253 的历史数据...
2025-09-22 22:24:19,778 - WARNING - BaoStock价格数据失败，将回退akshare: BaoStock未返回数据
2025-09-22 22:24:19,778 - INFO - 正在从akshare获取 600253 的历史数据...
2025-09-22 22:24:20,011 - ERROR - 获取股票数据失败: akshare未返回数据
2025-09-22 22:24:21,673 - INFO - 正在从BaoStock获取 600263 的历史数据...
2025-09-22 22:24:21,770 - WARNING - BaoStock价格数据失败，将回退akshare: BaoStock未返回数据
2025-09-22 22:24:21,770 - INFO - 正在从akshare获取 600263 的历史数据...
2025-09-22 22:24:21,961 - ERROR - 获取股票数据失败: akshare未返回数据
2025-09-22 22:28:17,776 - INFO - ✅ BaoStock连接成功
2025-09-22 22:28:17,777 - INFO - ✅ 成功加载配置文件: config.json
2025-09-22 22:28:17,777 - INFO - 增强版股票分析器初始化完成
2025-09-22 22:28:17,777 - INFO - === 增强版系统配置状态 ===
2025-09-22 22:28:17,777 - WARNING - ⚠️ 未配置任何AI API密钥
2025-09-22 22:28:17,777 - INFO - 📊 财务指标数量: 25
2025-09-22 22:28:17,777 - INFO - 📰 最大新闻数量: 200
2025-09-22 22:28:17,777 - INFO - ===================================
2025-09-22 22:28:23,153 - INFO - 在线快照不可用，回退缓存: HTTPSConnectionPool(host='82.push2.eastmoney.com', port=443): Max retries exceeded with url: /api/qt/clist/get?pn=1&pz=100&po=1&np=1&ut=bd1d9ddb04089700cf9c27f6f7426281&fltt=2&invt=2&fid=f12&fs=m%3A0+t%3A6%2Cm%3A0+t%3A80%2Cm%3A1+t%3A2%2Cm%3A1+t%3A23%2Cm%3A0+t%3A81+s%3A2048&fields=f1%2Cf2%2Cf3%2Cf4%2Cf5%2Cf6%2Cf7%2Cf8%2Cf9%2Cf10%2Cf12%2Cf13%2Cf14%2Cf15%2Cf16%2Cf17%2Cf18%2Cf20%2Cf21%2Cf23%2Cf24%2Cf25%2Cf22%2Cf11%2Cf62%2Cf128%2Cf136%2Cf115%2Cf152 (Caused by ProxyError('Unable to connect to proxy', RemoteDisconnected('Remote end closed connection without response')))
2025-09-22 22:28:23,154 - WARNING - 无法获取A股快照，进入离线兜底模式(基于BaoStock价格数据)
2025-09-22 22:28:28,744 - INFO - 正在从BaoStock获取 600000 的历史数据...
2025-09-22 22:28:29,068 - INFO - ✓ 数据验证 - 最新收盘价: 12.54, 最新开盘价: 12.78
2025-09-22 22:28:29,068 - INFO - ✓ 成功从BaoStock获取 600000 的价格数据，共 244 条记录
2025-09-22 22:28:29,069 - INFO - 正在从BaoStock获取 600001 的历史数据...
2025-09-22 22:28:29,137 - WARNING - BaoStock价格数据失败，将回退akshare: BaoStock未返回数据
2025-09-22 22:28:29,137 - INFO - 正在从akshare获取 600001 的历史数据...
2025-09-22 22:28:29,292 - ERROR - 获取股票数据失败: akshare未返回数据
2025-09-22 22:28:29,293 - INFO - 正在从BaoStock获取 600002 的历史数据...
2025-09-22 22:28:29,333 - WARNING - BaoStock价格数据失败，将回退akshare: BaoStock未返回数据
2025-09-22 22:28:29,334 - INFO - 正在从akshare获取 600002 的历史数据...
2025-09-22 22:28:29,533 - ERROR - 获取股票数据失败: akshare未返回数据
2025-09-22 22:28:29,534 - INFO - 正在从BaoStock获取 600004 的历史数据...
2025-09-22 22:28:29,870 - INFO - ✓ 数据验证 - 最新收盘价: 9.46, 最新开盘价: 9.58
2025-09-22 22:28:29,870 - INFO - ✓ 成功从BaoStock获取 600004 的价格数据，共 244 条记录
2025-09-22 22:28:29,871 - INFO - 正在从BaoStock获取 600005 的历史数据...
2025-09-22 22:28:29,911 - WARNING - BaoStock价格数据失败，将回退akshare: BaoStock未返回数据
2025-09-22 22:28:29,912 - INFO - 正在从akshare获取 600005 的历史数据...
2025-09-22 22:28:30,104 - ERROR - 获取股票数据失败: akshare未返回数据
2025-09-22 22:28:30,104 - INFO - 正在从BaoStock获取 600006 的历史数据...
2025-09-22 22:28:30,773 - INFO - ✓ 数据验证 - 最新收盘价: 7.33, 最新开盘价: 7.34
2025-09-22 22:28:30,773 - INFO - ✓ 成功从BaoStock获取 600006 的价格数据，共 244 条记录
2025-09-22 22:28:30,773 - INFO - 正在从BaoStock获取 600007 的历史数据...
2025-09-22 22:28:31,351 - INFO - ✓ 数据验证 - 最新收盘价: 21.38, 最新开盘价: 21.77
2025-09-22 22:28:31,351 - INFO - ✓ 成功从BaoStock获取 600007 的价格数据，共 244 条记录
2025-09-22 22:28:31,352 - INFO - 正在从BaoStock获取 600008 的历史数据...
2025-09-22 22:28:31,739 - INFO - ✓ 数据验证 - 最新收盘价: 3.16, 最新开盘价: 3.19
2025-09-22 22:28:31,739 - INFO - ✓ 成功从BaoStock获取 600008 的价格数据，共 244 条记录
2025-09-22 22:28:31,739 - INFO - 正在从BaoStock获取 600009 的历史数据...
2025-09-22 22:28:32,991 - INFO - ✓ 数据验证 - 最新收盘价: 32.05, 最新开盘价: 32.31
2025-09-22 22:28:32,991 - INFO - ✓ 成功从BaoStock获取 600009 的价格数据，共 244 条记录
2025-09-22 22:28:32,992 - INFO - 正在从BaoStock获取 600010 的历史数据...
2025-09-22 22:28:33,669 - INFO - ✓ 数据验证 - 最新收盘价: 2.38, 最新开盘价: 2.38
2025-09-22 22:28:33,669 - INFO - ✓ 成功从BaoStock获取 600010 的价格数据，共 244 条记录
2025-09-22 22:28:33,670 - INFO - 正在从BaoStock获取 600011 的历史数据...
2025-09-22 22:28:34,007 - INFO - ✓ 数据验证 - 最新收盘价: 7.23, 最新开盘价: 7.37
2025-09-22 22:28:34,007 - INFO - ✓ 成功从BaoStock获取 600011 的价格数据，共 244 条记录
2025-09-22 22:28:34,007 - INFO - 正在从BaoStock获取 600012 的历史数据...
2025-09-22 22:28:34,462 - INFO - ✓ 数据验证 - 最新收盘价: 12.89, 最新开盘价: 13.04
2025-09-22 22:28:34,462 - INFO - ✓ 成功从BaoStock获取 600012 的价格数据，共 244 条记录
2025-09-22 22:28:34,463 - INFO - 正在从BaoStock获取 600015 的历史数据...
2025-09-22 22:28:34,673 - INFO - ✓ 数据验证 - 最新收盘价: 6.77, 最新开盘价: 6.81
2025-09-22 22:28:34,674 - INFO - ✓ 成功从BaoStock获取 600015 的价格数据，共 244 条记录
2025-09-22 22:28:34,674 - INFO - 正在从BaoStock获取 600016 的历史数据...
2025-09-22 22:28:36,394 - INFO - ✓ 数据验证 - 最新收盘价: 4.04, 最新开盘价: 4.05
2025-09-22 22:28:36,394 - INFO - ✓ 成功从BaoStock获取 600016 的价格数据，共 244 条记录
2025-09-22 22:28:36,395 - INFO - 正在从BaoStock获取 600017 的历史数据...
2025-09-22 22:28:36,838 - INFO - ✓ 数据验证 - 最新收盘价: 3.19, 最新开盘价: 3.24
2025-09-22 22:28:36,839 - INFO - ✓ 成功从BaoStock获取 600017 的价格数据，共 244 条记录
2025-09-22 22:28:36,839 - INFO - 正在从BaoStock获取 600018 的历史数据...
2025-09-22 22:28:37,630 - INFO - ✓ 数据验证 - 最新收盘价: 5.53, 最新开盘价: 5.57
2025-09-22 22:28:37,630 - INFO - ✓ 成功从BaoStock获取 600018 的价格数据，共 244 条记录
2025-09-22 22:28:37,631 - INFO - 正在从BaoStock获取 600019 的历史数据...
2025-09-22 22:28:37,889 - INFO - ✓ 数据验证 - 最新收盘价: 6.96, 最新开盘价: 6.9
2025-09-22 22:28:37,889 - INFO - ✓ 成功从BaoStock获取 600019 的价格数据，共 244 条记录
2025-09-22 22:28:37,890 - INFO - 正在从BaoStock获取 600020 的历史数据...
2025-09-22 22:28:38,745 - INFO - ✓ 数据验证 - 最新收盘价: 4.29, 最新开盘价: 4.32
2025-09-22 22:28:38,745 - INFO - ✓ 成功从BaoStock获取 600020 的价格数据，共 244 条记录
2025-09-22 22:28:38,746 - INFO - 正在从BaoStock获取 600021 的历史数据...
2025-09-22 22:28:39,975 - INFO - ✓ 数据验证 - 最新收盘价: 19.66, 最新开盘价: 19.96
2025-09-22 22:28:39,975 - INFO - ✓ 成功从BaoStock获取 600021 的价格数据，共 244 条记录
2025-09-22 22:28:39,976 - INFO - 正在从BaoStock获取 600022 的历史数据...
2025-09-22 22:28:41,242 - INFO - ✓ 数据验证 - 最新收盘价: 1.53, 最新开盘价: 1.55
2025-09-22 22:28:41,242 - INFO - ✓ 成功从BaoStock获取 600022 的价格数据，共 244 条记录
2025-09-22 22:28:41,243 - INFO - 正在从BaoStock获取 600023 的历史数据...
2025-09-22 22:28:42,223 - INFO - ✓ 数据验证 - 最新收盘价: 4.97, 最新开盘价: 4.99
2025-09-22 22:28:42,224 - INFO - ✓ 成功从BaoStock获取 600023 的价格数据，共 244 条记录
2025-09-22 22:28:42,224 - INFO - 正在从BaoStock获取 600025 的历史数据...
2025-09-22 22:28:42,678 - INFO - ✓ 数据验证 - 最新收盘价: 9.19, 最新开盘价: 9.18
2025-09-22 22:28:42,678 - INFO - ✓ 成功从BaoStock获取 600025 的价格数据，共 244 条记录
2025-09-22 22:28:42,679 - INFO - 正在从BaoStock获取 600026 的历史数据...
2025-09-22 22:28:44,123 - INFO - ✓ 数据验证 - 最新收盘价: 12.23, 最新开盘价: 12.75
2025-09-22 22:28:44,123 - INFO - ✓ 成功从BaoStock获取 600026 的价格数据，共 244 条记录
2025-09-22 22:28:44,124 - INFO - ✓ 离线兜底生成 10 条推荐（基于近端动量/波动）
2025-09-24 00:55:50,726 - INFO - ✅ BaoStock连接成功
2025-09-24 00:55:50,726 - INFO - ✅ 成功加载配置文件: config.json
2025-09-24 00:55:50,726 - INFO - 增强版股票分析器初始化完成
2025-09-24 00:55:50,726 - INFO - === 增强版系统配置状态 ===
2025-09-24 00:55:50,726 - WARNING - ⚠️ 未配置任何AI API密钥
2025-09-24 00:55:50,726 - INFO - 📊 财务指标数量: 25
2025-09-24 00:55:50,726 - INFO - 📰 最大新闻数量: 200
2025-09-24 00:55:50,726 - INFO - ===================================
2025-09-24 01:03:06,608 - INFO - ✅ BaoStock连接成功
2025-09-24 01:03:06,609 - INFO - ✅ 成功加载配置文件: config.json
2025-09-24 01:03:06,609 - INFO - 增强版股票分析器初始化完成
2025-09-24 01:03:06,609 - INFO - === 增强版系统配置状态 ===
2025-09-24 01:03:06,609 - WARNING - ⚠️ 未配置任何AI API密钥
2025-09-24 01:03:06,609 - INFO - 📊 财务指标数量: 25
2025-09-24 01:03:06,609 - INFO - 📰 最大新闻数量: 200
2025-09-24 01:03:06,609 - INFO - ===================================
2025-09-24 01:03:19,962 - INFO - 开始增强版股票分析: 002654
2025-09-24 01:03:20,672 - INFO - 正在进行技术分析...
2025-09-24 01:03:20,673 - INFO - 正在从BaoStock获取 002654 的历史数据...
2025-09-24 01:03:22,158 - INFO - ✓ 数据验证 - 最新收盘价: 14.88, 最新开盘价: 15.07
2025-09-24 01:03:22,159 - INFO - ✓ 成功从BaoStock获取 002654 的价格数据，共 244 条记录
2025-09-24 01:03:22,161 - INFO - ✓ 当前价格(收盘价): 14.88
2025-09-24 01:03:22,161 - INFO - ✓ 使用现成的涨跌幅: -5.9418%
2025-09-24 01:03:22,164 - INFO - ✓ 价格信息提取完成: {'current_price': 14.88, 'price_change': -5.9418, 'volume_ratio': np.float64(2.554793804240343), 'volatility': np.float64(4.833010245910747)}
2025-09-24 01:03:22,166 - INFO - 技术指标计算开始：数据行数244，列数19
2025-09-24 01:03:22,177 - INFO - 正在获取近月资金流: sz002654
2025-09-24 01:03:23,027 - INFO - 正在获取近月资金流: sz002654
2025-09-24 01:03:24,376 - INFO - 正在获取近月资金流: sz002654
2025-09-24 01:03:26,389 - INFO - 获取资金流失败: 'NoneType' object is not subscriptable
2025-09-24 01:03:26,390 - INFO - 正在进行25项财务指标分析...
2025-09-24 01:03:26,390 - INFO - 正在从BaoStock获取 002654 的基本面数据...
2025-09-24 01:03:26,886 - INFO - ✓ BaoStock基本信息获取成功
2025-09-24 01:03:27,264 - INFO - 开始从akshare获取 002654 的25项综合财务指标...
2025-09-24 01:03:27,266 - INFO - 正在获取股票基本信息...
2025-09-24 01:03:27,385 - INFO - ✓ 股票基本信息获取成功
2025-09-24 01:03:27,386 - INFO - 正在获取25项详细财务指标...
2025-09-24 01:03:27,812 - INFO - 利润表 最新日期: 2025-06-30 (距今 86 天)
2025-09-24 01:03:28,938 - WARNING - 获取现金流量表失败: 'NoneType' object is not subscriptable
2025-09-24 01:03:28,941 - INFO - ✓ 成功计算 4 项有效财务指标
2025-09-24 01:03:28,941 - INFO - ✓ 成功计算 4 项有效财务指标
2025-09-24 01:03:28,941 - INFO - ✓ 获取到 4 项财务指标
2025-09-24 01:03:28,941 - INFO - 正在获取估值指标...
2025-09-24 01:03:41,556 - INFO - ✓ 估值快照已写入本地缓存
2025-09-24 01:03:41,557 - INFO - ✓ 估值指标获取成功(快照)
2025-09-24 01:03:41,557 - INFO - 正在获取业绩预告...
2025-09-24 01:03:44,385 - INFO - ✓ 业绩预告/快报获取成功
2025-09-24 01:03:44,386 - INFO - 正在获取分红配股信息...
2025-09-24 01:03:49,354 - INFO - ✓ BaoStock查询完成，该股票暂无分红记录
2025-09-24 01:03:49,730 - INFO - ✓ akshare(stock_dividend_cninfo)获取分红配股信息成功，共0条
2025-09-24 01:03:49,731 - INFO - ℹ️ 分红配股信息暂时不可用
2025-09-24 01:03:49,731 - INFO - 正在获取行业分析数据...
2025-09-24 01:03:50,714 - INFO - ✓ 行业成份缓存已写入: 文化传媒.csv
2025-09-24 01:03:50,715 - INFO - ✓ 行业分析数据获取成功
2025-09-24 01:03:50,717 - INFO - ✓ 002654 综合基本面数据获取完成并已缓存
2025-09-24 01:03:50,717 - INFO - 正在获取近月资金流: sz002654
2025-09-24 01:03:51,486 - INFO - 正在获取近月资金流: sz002654
2025-09-24 01:03:52,903 - INFO - 正在获取近月资金流: sz002654
2025-09-24 01:03:54,862 - INFO - 获取资金流失败: 'NoneType' object is not subscriptable
2025-09-24 01:03:54,863 - INFO - 正在进行综合新闻和情绪分析...
2025-09-24 01:03:54,863 - INFO - 开始获取 002654 的综合新闻数据（最近30天）...
2025-09-24 01:03:54,965 - INFO - 正在获取公司新闻...
2025-09-24 01:03:55,381 - INFO - ✓ 获取公司新闻 50 条
2025-09-24 01:03:55,381 - INFO - 正在获取公司公告...
2025-09-24 01:04:02,038 - INFO - ✓ 获取公司公告 0 条
2025-09-24 01:04:02,038 - INFO - 正在获取研究报告...
2025-09-24 01:04:02,456 - INFO - ✓ 获取研究报告 4 条
2025-09-24 01:04:02,457 - INFO - 正在获取行业新闻...
2025-09-24 01:04:02,457 - INFO - 行业新闻获取完成，共 0 条
2025-09-24 01:04:02,458 - INFO - ✓ 获取行业新闻 0 条
2025-09-24 01:04:02,458 - INFO - ✓ 综合新闻数据获取完成，总计 54 条
2025-09-24 01:04:02,458 - INFO - 开始高级情绪分析...
2025-09-24 01:04:02,485 - DEBUG - Building prefix dict from the default dictionary ...
2025-09-24 01:04:02,486 - DEBUG - Loading model from cache /var/folders/9l/rh3bjtk91sjc8ssjkfxz40f00000gn/T/jieba.cache
2025-09-24 01:04:02,795 - DEBUG - Loading model cost 0.309 seconds.
2025-09-24 01:04:02,795 - DEBUG - Prefix dict has been built successfully.
2025-09-24 01:04:02,808 - INFO - ✓ 高级情绪分析完成: 相对中性 (得分: 0.006)
2025-09-24 01:04:02,809 - INFO - 🤖 开始AI深度分析...
2025-09-24 01:04:02,809 - WARNING - ⚠️ AI API不可用，使用高级分析模式
2025-09-24 01:04:02,809 - INFO - 🧠 使用高级规则引擎进行分析...
2025-09-24 01:04:02,809 - INFO - ✓ 增强版股票分析完成: 002654
2025-09-24 01:04:02,809 - INFO -   - 财务指标: 4 项
2025-09-24 01:04:02,809 - INFO -   - 新闻数据: 54 条
2025-09-24 01:04:02,809 - INFO -   - 综合得分: 51.6
2025-09-24 01:10:05,522 - INFO - 开始增强版股票分析: 603956
2025-09-24 01:10:05,635 - INFO - 正在进行技术分析...
2025-09-24 01:10:05,636 - INFO - 正在从BaoStock获取 603956 的历史数据...
2025-09-24 01:10:06,139 - INFO - ✓ 数据验证 - 最新收盘价: 7.28, 最新开盘价: 7.09
2025-09-24 01:10:06,140 - INFO - ✓ 成功从BaoStock获取 603956 的价格数据，共 244 条记录
2025-09-24 01:10:06,140 - INFO - ✓ 当前价格(收盘价): 7.28
2025-09-24 01:10:06,140 - INFO - ✓ 使用现成的涨跌幅: 2.8249%
2025-09-24 01:10:06,141 - INFO - ✓ 价格信息提取完成: {'current_price': 7.28, 'price_change': 2.8249, 'volume_ratio': np.float64(2.7395116723530286), 'volatility': np.float64(3.0395934111858813)}
2025-09-24 01:10:06,142 - INFO - 技术指标计算开始：数据行数244，列数19
2025-09-24 01:10:06,148 - INFO - 正在获取近月资金流: sh603956
2025-09-24 01:10:06,917 - INFO - 正在获取近月资金流: sh603956
2025-09-24 01:10:08,338 - INFO - 正在获取近月资金流: sh603956
2025-09-24 01:10:10,281 - INFO - 获取资金流失败: 'NoneType' object is not subscriptable
2025-09-24 01:10:10,284 - INFO - 正在进行25项财务指标分析...
2025-09-24 01:10:10,286 - INFO - 正在从BaoStock获取 603956 的基本面数据...
2025-09-24 01:10:10,488 - INFO - ✓ BaoStock基本信息获取成功
2025-09-24 01:10:10,910 - INFO - 开始从akshare获取 603956 的25项综合财务指标...
2025-09-24 01:10:10,911 - INFO - 正在获取股票基本信息...
2025-09-24 01:10:11,067 - INFO - ✓ 股票基本信息获取成功
2025-09-24 01:10:11,067 - INFO - 正在获取25项详细财务指标...
2025-09-24 01:10:11,427 - INFO - 利润表 最新日期: 2025-06-30 (距今 86 天)
2025-09-24 01:10:12,341 - WARNING - 获取现金流量表失败: 'NoneType' object is not subscriptable
2025-09-24 01:10:12,342 - INFO - ✓ 成功计算 4 项有效财务指标
2025-09-24 01:10:12,342 - INFO - ✓ 成功计算 4 项有效财务指标
2025-09-24 01:10:12,343 - INFO - ✓ 获取到 4 项财务指标
2025-09-24 01:10:12,343 - INFO - 正在获取估值指标...
2025-09-24 01:10:12,492 - INFO - ℹ️ 在线估值快照获取失败，尝试使用本地缓存
2025-09-24 01:10:12,505 - INFO - ✓ 估值指标获取成功(快照)
2025-09-24 01:10:12,506 - INFO - 正在获取业绩预告...
2025-09-24 01:10:16,293 - INFO - ℹ️ 业绩预告暂时不可用
2025-09-24 01:10:16,294 - INFO - 正在获取分红配股信息...
2025-09-24 01:10:17,104 - INFO - ✓ BaoStock获取分红配股信息成功，共2条
2025-09-24 01:10:17,105 - INFO - 正在获取行业分析数据...
2025-09-24 01:10:17,663 - INFO - ℹ️ EM行业成份获取失败(HTTPSConnectionPool(host='29.push2.eastmoney.com', port=443): Max retries exceeded with url: /api/qt/clist/get?pn=1&pz=100&po=1&np=1&ut=bd1d9ddb04089700cf9c27f6f7426281&fltt=2&invt=2&fid=f3&fs=b%3ABK0910+f%3A%2150&fields=f1%2Cf2%2Cf3%2Cf4%2Cf5%2Cf6%2Cf7%2Cf8%2Cf9%2Cf10%2Cf12%2Cf13%2Cf14%2Cf15%2Cf16%2Cf17%2Cf18%2Cf20%2Cf21%2Cf23%2Cf24%2Cf25%2Cf22%2Cf11%2Cf62%2Cf128%2Cf136%2Cf115%2Cf152%2Cf45 (Caused by ProxyError('Unable to connect to proxy', RemoteDisconnected('Remote end closed connection without response'))))，尝试THS口径
2025-09-24 01:10:17,670 - INFO - ℹ️ THS行业成份获取失败(module 'akshare' has no attribute 'stock_board_industry_cons_ths')
2025-09-24 01:10:20,983 - INFO - ✓ 使用BaoStock行业分类构造行业成份
2025-09-24 01:10:21,147 - WARNING - 同业对比失败: You are trying to merge on object and int64 columns for key '代码'. If you wish to proceed you should use pd.concat
2025-09-24 01:10:21,148 - INFO - ✓ 行业分析数据获取成功
2025-09-24 01:10:21,148 - INFO - ✓ 603956 综合基本面数据获取完成并已缓存
2025-09-24 01:10:21,148 - INFO - 正在获取近月资金流: sh603956
2025-09-24 01:10:21,951 - INFO - 正在获取近月资金流: sh603956
2025-09-24 01:10:23,302 - INFO - 正在获取近月资金流: sh603956
2025-09-24 01:10:25,296 - INFO - 获取资金流失败: 'NoneType' object is not subscriptable
2025-09-24 01:10:25,297 - INFO - 正在进行综合新闻和情绪分析...
2025-09-24 01:10:25,297 - INFO - 开始获取 603956 的综合新闻数据（最近30天）...
2025-09-24 01:10:25,531 - INFO - 正在获取公司新闻...
2025-09-24 01:10:25,865 - INFO - ✓ 获取公司新闻 50 条
2025-09-24 01:10:25,865 - INFO - 正在获取公司公告...
2025-09-24 01:10:32,413 - INFO - ✓ 获取公司公告 0 条
2025-09-24 01:10:32,413 - INFO - 正在获取研究报告...
2025-09-24 01:10:32,798 - INFO - ✓ 获取研究报告 20 条
2025-09-24 01:10:32,799 - INFO - 正在获取行业新闻...
2025-09-24 01:10:32,799 - INFO - 行业新闻获取完成，共 0 条
2025-09-24 01:10:32,799 - INFO - ✓ 获取行业新闻 0 条
2025-09-24 01:10:32,799 - INFO - ✓ 综合新闻数据获取完成，总计 70 条
2025-09-24 01:10:32,800 - INFO - 开始高级情绪分析...
2025-09-24 01:10:32,830 - INFO - ✓ 高级情绪分析完成: 相对中性 (得分: 0.002)
2025-09-24 01:10:32,831 - INFO - 🤖 开始AI深度分析...
2025-09-24 01:10:32,831 - WARNING - ⚠️ AI API不可用，使用高级分析模式
2025-09-24 01:10:32,831 - INFO - 🧠 使用高级规则引擎进行分析...
2025-09-24 01:10:32,832 - INFO - ✓ 增强版股票分析完成: 603956
2025-09-24 01:10:32,832 - INFO -   - 财务指标: 4 项
2025-09-24 01:10:32,832 - INFO -   - 新闻数据: 70 条
2025-09-24 01:10:32,832 - INFO -   - 综合得分: 65.2
2025-09-24 15:26:01,023 - INFO - 开始增强版股票分析: 300250
2025-09-24 15:26:01,252 - INFO - 正在进行技术分析...
2025-09-24 15:26:01,253 - INFO - 正在从BaoStock获取 300250 的历史数据...
2025-09-24 15:26:57,565 - WARNING - BaoStock价格数据失败，将回退akshare: 网络接收错误。
2025-09-24 15:26:57,570 - INFO - 正在从akshare获取 300250 的历史数据...
2025-09-24 15:26:57,806 - INFO - akshare列名映射完成: ['date', 'code', 'open', 'close', 'high', 'low', 'volume', 'amount', 'amplitude', 'change_pct', 'change_amount', 'turnover_rate']
2025-09-24 15:26:57,808 - INFO - akshare成交量单位已转换为股数
2025-09-24 15:26:57,810 - INFO - ✓ 数据验证 - 最新收盘价: 26.75, 最新开盘价: 25.51
2025-09-24 15:26:57,811 - INFO - ✓ 成功获取 300250 的价格数据，共 245 条记录
2025-09-24 15:26:57,811 - INFO - ✓ 数据列: ['code', 'open', 'close', 'high', 'low', 'volume', 'amount', 'amplitude', 'change_pct', 'change_amount', 'turnover_rate']
2025-09-24 15:26:57,813 - INFO - ✓ 当前价格(收盘价): 26.75
2025-09-24 15:26:57,814 - INFO - ✓ 使用现成的涨跌幅: 1.75%
2025-09-24 15:26:57,818 - INFO - ✓ 价格信息提取完成: {'current_price': 26.75, 'price_change': 1.75, 'volume_ratio': np.float64(3.6042480289488426), 'volatility': np.float64(6.6569086784084135)}
2025-09-24 15:26:57,819 - INFO - 技术指标计算开始：数据行数245，列数11
2025-09-24 15:26:57,831 - INFO - 正在获取近月资金流: sz300250
2025-09-24 15:26:58,716 - INFO - 正在获取近月资金流: sz300250
2025-09-24 15:27:00,082 - INFO - 正在获取近月资金流: sz300250
2025-09-24 15:27:02,122 - INFO - 获取资金流失败: 'NoneType' object is not subscriptable
2025-09-24 15:27:02,123 - INFO - 正在进行25项财务指标分析...
2025-09-24 15:27:02,124 - INFO - 正在从BaoStock获取 300250 的基本面数据...
2025-09-24 15:27:02,125 - INFO - 开始从akshare获取 300250 的25项综合财务指标...
2025-09-24 15:27:02,125 - INFO - 正在获取股票基本信息...
2025-09-24 15:27:02,464 - INFO - ✓ 股票基本信息获取成功
2025-09-24 15:27:02,464 - INFO - 正在获取25项详细财务指标...
2025-09-24 15:27:02,968 - INFO - 利润表 最新日期: 2025-06-30 (距今 86 天)
2025-09-24 15:27:04,186 - WARNING - 获取现金流量表失败: 'NoneType' object is not subscriptable
2025-09-24 15:27:04,187 - INFO - ✓ 成功计算 4 项有效财务指标
2025-09-24 15:27:04,188 - INFO - ✓ 成功计算 4 项有效财务指标
2025-09-24 15:27:04,188 - INFO - ✓ 获取到 4 项财务指标
2025-09-24 15:27:04,188 - INFO - 正在获取估值指标...
2025-09-24 15:27:17,156 - INFO - ✓ 估值快照已写入本地缓存
2025-09-24 15:27:17,158 - INFO - ✓ 估值指标获取成功(快照)
2025-09-24 15:27:17,158 - INFO - 正在获取业绩预告...
2025-09-24 15:27:19,174 - INFO - ✓ 业绩预告/快报获取成功
2025-09-24 15:27:19,175 - INFO - 正在获取分红配股信息...
2025-09-24 15:27:19,175 - INFO - ✓ BaoStock查询完成，该股票暂无分红记录
2025-09-24 15:27:19,712 - INFO - ✓ akshare(stock_dividend_cninfo)获取分红配股信息成功，共0条
2025-09-24 15:27:19,715 - INFO - ℹ️ 分红配股信息暂时不可用
2025-09-24 15:27:19,715 - INFO - 正在获取行业分析数据...
2025-09-24 15:27:20,849 - INFO - ✓ 行业成份缓存已写入: 互联网服务.csv
2025-09-24 15:27:20,850 - INFO - ✓ 行业分析数据获取成功
2025-09-24 15:27:20,851 - INFO - ✓ 300250 综合基本面数据获取完成并已缓存
2025-09-24 15:27:20,852 - INFO - 正在获取近月资金流: sz300250
2025-09-24 15:27:21,642 - INFO - 正在获取近月资金流: sz300250
2025-09-24 15:27:23,025 - INFO - 正在获取近月资金流: sz300250
2025-09-24 15:27:25,073 - INFO - 获取资金流失败: 'NoneType' object is not subscriptable
2025-09-24 15:27:25,074 - INFO - 正在进行综合新闻和情绪分析...
2025-09-24 15:27:25,074 - INFO - 开始获取 300250 的综合新闻数据（最近30天）...
2025-09-24 15:27:25,235 - INFO - 正在获取公司新闻...
2025-09-24 15:27:25,711 - INFO - ✓ 获取公司新闻 50 条
2025-09-24 15:27:25,712 - INFO - 正在获取公司公告...
2025-09-24 15:27:33,723 - INFO - ✓ 获取公司公告 0 条
2025-09-24 15:27:33,723 - INFO - 正在获取研究报告...
2025-09-24 15:27:34,072 - INFO - ✓ 获取研究报告 1 条
2025-09-24 15:27:34,073 - INFO - 正在获取行业新闻...
2025-09-24 15:27:34,073 - INFO - 行业新闻获取完成，共 0 条
2025-09-24 15:27:34,073 - INFO - ✓ 获取行业新闻 0 条
2025-09-24 15:27:34,074 - INFO - ✓ 综合新闻数据获取完成，总计 51 条
2025-09-24 15:27:34,074 - INFO - 开始高级情绪分析...
2025-09-24 15:27:34,124 - INFO - ✓ 高级情绪分析完成: 相对中性 (得分: 0.006)
2025-09-24 15:27:34,125 - INFO - 🤖 开始AI深度分析...
2025-09-24 15:27:34,125 - WARNING - ⚠️ AI API不可用，使用高级分析模式
2025-09-24 15:27:34,125 - INFO - 🧠 使用高级规则引擎进行分析...
2025-09-24 15:27:34,125 - INFO - ✓ 增强版股票分析完成: 300250
2025-09-24 15:27:34,125 - INFO -   - 财务指标: 4 项
2025-09-24 15:27:34,126 - INFO -   - 新闻数据: 51 条
2025-09-24 15:27:34,126 - INFO -   - 综合得分: 61.0
2025-09-24 15:40:30,634 - INFO - 开始增强版股票分析: 300249
2025-09-24 15:40:30,853 - INFO - 正在进行技术分析...
2025-09-24 15:40:30,853 - INFO - 正在从BaoStock获取 300249 的历史数据...
2025-09-24 15:40:30,854 - WARNING - BaoStock价格数据失败，将回退akshare: 网络接收错误。
2025-09-24 15:40:30,854 - INFO - 正在从akshare获取 300249 的历史数据...
2025-09-24 15:40:31,062 - INFO - akshare列名映射完成: ['date', 'code', 'open', 'close', 'high', 'low', 'volume', 'amount', 'amplitude', 'change_pct', 'change_amount', 'turnover_rate']
2025-09-24 15:40:31,062 - INFO - akshare成交量单位已转换为股数
2025-09-24 15:40:31,063 - INFO - ✓ 数据验证 - 最新收盘价: 17.5, 最新开盘价: 16.6
2025-09-24 15:40:31,063 - INFO - ✓ 成功获取 300249 的价格数据，共 245 条记录
2025-09-24 15:40:31,063 - INFO - ✓ 数据列: ['code', 'open', 'close', 'high', 'low', 'volume', 'amount', 'amplitude', 'change_pct', 'change_amount', 'turnover_rate']
2025-09-24 15:40:31,064 - INFO - ✓ 当前价格(收盘价): 17.5
2025-09-24 15:40:31,064 - INFO - ✓ 使用现成的涨跌幅: 3.73%
2025-09-24 15:40:31,065 - INFO - ✓ 价格信息提取完成: {'current_price': 17.5, 'price_change': 3.73, 'volume_ratio': np.float64(0.7247329257503144), 'volatility': np.float64(4.277960932791505)}
2025-09-24 15:40:31,066 - INFO - 技术指标计算开始：数据行数245，列数11
2025-09-24 15:40:31,070 - INFO - 正在获取近月资金流: sz300249
2025-09-24 15:40:31,807 - INFO - 正在获取近月资金流: sz300249
2025-09-24 15:40:33,146 - INFO - 正在获取近月资金流: sz300249
2025-09-24 15:40:35,099 - INFO - 获取资金流失败: 'NoneType' object is not subscriptable
2025-09-24 15:40:35,100 - INFO - 正在进行25项财务指标分析...
2025-09-24 15:40:35,100 - INFO - 正在从BaoStock获取 300249 的基本面数据...
2025-09-24 15:40:35,101 - INFO - 开始从akshare获取 300249 的25项综合财务指标...
2025-09-24 15:40:35,103 - INFO - 正在获取股票基本信息...
2025-09-24 15:40:35,383 - INFO - ✓ 股票基本信息获取成功
2025-09-24 15:40:35,384 - INFO - 正在获取25项详细财务指标...
2025-09-24 15:40:35,803 - INFO - 利润表 最新日期: 2025-06-30 (距今 86 天)
2025-09-24 15:40:36,677 - WARNING - 获取现金流量表失败: 'NoneType' object is not subscriptable
2025-09-24 15:40:36,679 - INFO - ✓ 成功计算 4 项有效财务指标
2025-09-24 15:40:36,679 - INFO - ✓ 成功计算 4 项有效财务指标
2025-09-24 15:40:36,679 - INFO - ✓ 获取到 4 项财务指标
2025-09-24 15:40:36,680 - INFO - 正在获取估值指标...
2025-09-24 15:40:52,547 - INFO - ✓ 估值快照已写入本地缓存
2025-09-24 15:40:52,550 - INFO - ✓ 估值指标获取成功(快照)
2025-09-24 15:40:52,550 - INFO - 正在获取业绩预告...
2025-09-24 15:40:55,090 - INFO - ✓ 业绩预告/快报获取成功
2025-09-24 15:40:55,090 - INFO - 正在获取分红配股信息...
2025-09-24 15:40:55,091 - INFO - ✓ BaoStock查询完成，该股票暂无分红记录
2025-09-24 15:40:55,358 - INFO - ✓ akshare(stock_dividend_cninfo)获取分红配股信息成功，共0条
2025-09-24 15:40:55,359 - INFO - ℹ️ 分红配股信息暂时不可用
2025-09-24 15:40:55,359 - INFO - 正在获取行业分析数据...
2025-09-24 15:40:56,470 - INFO - ✓ 行业成份缓存已写入: 软件开发.csv
2025-09-24 15:40:56,471 - INFO - ✓ 行业分析数据获取成功
2025-09-24 15:40:56,472 - INFO - ✓ 300249 综合基本面数据获取完成并已缓存
2025-09-24 15:40:56,473 - INFO - 正在获取近月资金流: sz300249
2025-09-24 15:40:57,302 - INFO - 正在获取近月资金流: sz300249
2025-09-24 15:40:58,652 - INFO - 正在获取近月资金流: sz300249
2025-09-24 15:41:00,691 - INFO - 获取资金流失败: 'NoneType' object is not subscriptable
2025-09-24 15:41:00,692 - INFO - 正在进行综合新闻和情绪分析...
2025-09-24 15:41:00,692 - INFO - 开始获取 300249 的综合新闻数据（最近30天）...
2025-09-24 15:41:00,890 - INFO - 正在获取公司新闻...
2025-09-24 15:41:01,354 - INFO - ✓ 获取公司新闻 50 条
2025-09-24 15:41:01,354 - INFO - 正在获取公司公告...
2025-09-24 15:41:08,421 - INFO - ✓ 获取公司公告 0 条
2025-09-24 15:41:08,422 - INFO - 正在获取研究报告...
2025-09-24 15:41:08,704 - WARNING - 获取研究报告失败: 'infoCode'
2025-09-24 15:41:08,708 - INFO - 正在获取行业新闻...
2025-09-24 15:41:08,709 - INFO - 行业新闻获取完成，共 0 条
2025-09-24 15:41:08,709 - INFO - ✓ 获取行业新闻 0 条
2025-09-24 15:41:08,709 - INFO - ✓ 综合新闻数据获取完成，总计 50 条
2025-09-24 15:41:08,710 - INFO - 开始高级情绪分析...
2025-09-24 15:41:08,759 - INFO - ✓ 高级情绪分析完成: 相对中性 (得分: 0.003)
2025-09-24 15:41:08,760 - INFO - 🤖 开始AI深度分析...
2025-09-24 15:41:08,760 - WARNING - ⚠️ AI API不可用，使用高级分析模式
2025-09-24 15:41:08,760 - INFO - 🧠 使用高级规则引擎进行分析...
2025-09-24 15:41:08,760 - INFO - ✓ 增强版股票分析完成: 300249
2025-09-24 15:41:08,760 - INFO -   - 财务指标: 4 项
2025-09-24 15:41:08,760 - INFO -   - 新闻数据: 50 条
2025-09-24 15:41:08,760 - INFO -   - 综合得分: 60.0
2025-09-24 15:44:09,025 - INFO - 开始增强版股票分析: 300250
2025-09-24 15:44:09,179 - INFO - 正在进行技术分析...
2025-09-24 15:44:09,180 - INFO - 使用缓存的价格数据: 300250
2025-09-24 15:44:09,180 - INFO - ✓ 当前价格(收盘价): 26.75
2025-09-24 15:44:09,180 - INFO - ✓ 使用现成的涨跌幅: 1.75%
2025-09-24 15:44:09,182 - INFO - ✓ 价格信息提取完成: {'current_price': 26.75, 'price_change': 1.75, 'volume_ratio': np.float64(3.6042480289488426), 'volatility': np.float64(6.6569086784084135)}
2025-09-24 15:44:09,183 - INFO - 技术指标计算开始：数据行数245，列数14
2025-09-24 15:44:09,190 - INFO - 正在获取近月资金流: sz300250
2025-09-24 15:44:09,943 - INFO - 正在获取近月资金流: sz300250
2025-09-24 15:44:11,386 - INFO - 正在获取近月资金流: sz300250
2025-09-24 15:44:13,430 - INFO - 获取资金流失败: 'NoneType' object is not subscriptable
2025-09-24 15:44:13,430 - INFO - 正在进行25项财务指标分析...
2025-09-24 15:44:13,430 - INFO - 使用缓存的基本面数据: 300250
2025-09-24 15:44:13,430 - INFO - 正在获取近月资金流: sz300250
2025-09-24 15:44:14,268 - INFO - 正在获取近月资金流: sz300250
2025-09-24 15:44:16,702 - INFO - 正在获取近月资金流: sz300250
2025-09-24 15:44:18,760 - INFO - 获取资金流失败: 'NoneType' object is not subscriptable
2025-09-24 15:44:18,762 - INFO - 正在进行综合新闻和情绪分析...
2025-09-24 15:44:18,762 - INFO - 使用缓存的新闻数据: 300250
2025-09-24 15:44:18,763 - INFO - 开始高级情绪分析...
2025-09-24 15:44:18,805 - INFO - ✓ 高级情绪分析完成: 相对中性 (得分: 0.006)
2025-09-24 15:44:18,806 - INFO - 🤖 开始AI深度分析...
2025-09-24 15:44:18,806 - WARNING - ⚠️ AI API不可用，使用高级分析模式
2025-09-24 15:44:18,806 - INFO - 🧠 使用高级规则引擎进行分析...
2025-09-24 15:44:18,806 - INFO - ✓ 增强版股票分析完成: 300250
2025-09-24 15:44:18,807 - INFO -   - 财务指标: 4 项
2025-09-24 15:44:18,807 - INFO -   - 新闻数据: 51 条
2025-09-24 15:44:18,808 - INFO -   - 综合得分: 60.9
